<?xml version="1.0" encoding="UTF-8"?>
<testsuites>
  <testsuite name="" tests="13" assertions="27" errors="0" warnings="0" failures="0" skipped="0" time="0.005466">
    <testsuite name="unit" tests="13" assertions="27" errors="0" warnings="0" failures="0" skipped="0" time="0.005466">
      <testsuite name="Alura\Leilao\Tests\Model\LeilaoTest" file="/home/pabloroldao/courses/php/phpunit/src/tests/Model/LeilaoTest.php" tests="4" assertions="9" errors="0" warnings="0" failures="0" skipped="0" time="0.004684">
        <testcase name="testLeilaoNaoDeveReceberLancesRepetidos" class="Alura\Leilao\Tests\Model\LeilaoTest" classname="Alura.Leilao.Tests.Model.LeilaoTest" file="/home/pabloroldao/courses/php/phpunit/src/tests/Model/LeilaoTest.php" line="14" assertions="2" time="0.004373"/>
        <testcase name="testLeilaoNaoDeveAceitarMaisDeCincoLancesPorUsuario" class="Alura\Leilao\Tests\Model\LeilaoTest" classname="Alura.Leilao.Tests.Model.LeilaoTest" file="/home/pabloroldao/courses/php/phpunit/src/tests/Model/LeilaoTest.php" line="26" assertions="2" time="0.000145"/>
        <testsuite name="Alura\Leilao\Tests\Model\LeilaoTest::testLeilaoDeveReceberLances" tests="2" assertions="5" errors="0" warnings="0" failures="0" skipped="0" time="0.000166">
          <testcase name="testLeilaoDeveReceberLances with data set &quot;leilao-dois-lances&quot;" class="Alura\Leilao\Tests\Model\LeilaoTest" classname="Alura.Leilao.Tests.Model.LeilaoTest" file="/home/pabloroldao/courses/php/phpunit/src/tests/Model/LeilaoTest.php" line="54" assertions="3" time="0.000105"/>
          <testcase name="testLeilaoDeveReceberLances with data set &quot;leilao-um-lance&quot;" class="Alura\Leilao\Tests\Model\LeilaoTest" classname="Alura.Leilao.Tests.Model.LeilaoTest" file="/home/pabloroldao/courses/php/phpunit/src/tests/Model/LeilaoTest.php" line="54" assertions="2" time="0.000061"/>
        </testsuite>
      </testsuite>
      <testsuite name="Alura\Leilao\Tests\Service\AvaliadorTest" file="/home/pabloroldao/courses/php/phpunit/src/tests/Service/AvaliadorTest.php" tests="9" assertions="18" errors="0" warnings="0" failures="0" skipped="0" time="0.000782">
        <testsuite name="Alura\Leilao\Tests\Service\AvaliadorTest::testOAvaliadorDeveEncontrarOMaiorValorDeLances" tests="3" assertions="3" errors="0" warnings="0" failures="0" skipped="0" time="0.000386">
          <testcase name="testOAvaliadorDeveEncontrarOMaiorValorDeLances with data set &quot;ordem crescente&quot;" class="Alura\Leilao\Tests\Service\AvaliadorTest" classname="Alura.Leilao.Tests.Service.AvaliadorTest" file="/home/pabloroldao/courses/php/phpunit/src/tests/Service/AvaliadorTest.php" line="27" assertions="1" time="0.000284"/>
          <testcase name="testOAvaliadorDeveEncontrarOMaiorValorDeLances with data set &quot;ordem decrescente&quot;" class="Alura\Leilao\Tests\Service\AvaliadorTest" classname="Alura.Leilao.Tests.Service.AvaliadorTest" file="/home/pabloroldao/courses/php/phpunit/src/tests/Service/AvaliadorTest.php" line="27" assertions="1" time="0.000052"/>
          <testcase name="testOAvaliadorDeveEncontrarOMaiorValorDeLances with data set &quot;ordem aleatória&quot;" class="Alura\Leilao\Tests\Service\AvaliadorTest" classname="Alura.Leilao.Tests.Service.AvaliadorTest" file="/home/pabloroldao/courses/php/phpunit/src/tests/Service/AvaliadorTest.php" line="27" assertions="1" time="0.000050"/>
        </testsuite>
        <testsuite name="Alura\Leilao\Tests\Service\AvaliadorTest::testOAvaliadorDeveEncontrarOMenorValorDeLances" tests="3" assertions="3" errors="0" warnings="0" failures="0" skipped="0" time="0.000184">
          <testcase name="testOAvaliadorDeveEncontrarOMenorValorDeLances with data set &quot;ordem crescente&quot;" class="Alura\Leilao\Tests\Service\AvaliadorTest" classname="Alura.Leilao.Tests.Service.AvaliadorTest" file="/home/pabloroldao/courses/php/phpunit/src/tests/Service/AvaliadorTest.php" line="45" assertions="1" time="0.000088"/>
          <testcase name="testOAvaliadorDeveEncontrarOMenorValorDeLances with data set &quot;ordem decrescente&quot;" class="Alura\Leilao\Tests\Service\AvaliadorTest" classname="Alura.Leilao.Tests.Service.AvaliadorTest" file="/home/pabloroldao/courses/php/phpunit/src/tests/Service/AvaliadorTest.php" line="45" assertions="1" time="0.000050"/>
          <testcase name="testOAvaliadorDeveEncontrarOMenorValorDeLances with data set &quot;ordem aleatória&quot;" class="Alura\Leilao\Tests\Service\AvaliadorTest" classname="Alura.Leilao.Tests.Service.AvaliadorTest" file="/home/pabloroldao/courses/php/phpunit/src/tests/Service/AvaliadorTest.php" line="45" assertions="1" time="0.000045"/>
        </testsuite>
        <testsuite name="Alura\Leilao\Tests\Service\AvaliadorTest::testOAvaliadorDeveBuscarOsTresMaioresValores" tests="3" assertions="12" errors="0" warnings="0" failures="0" skipped="0" time="0.000212">
          <testcase name="testOAvaliadorDeveBuscarOsTresMaioresValores with data set &quot;ordem crescente&quot;" class="Alura\Leilao\Tests\Service\AvaliadorTest" classname="Alura.Leilao.Tests.Service.AvaliadorTest" file="/home/pabloroldao/courses/php/phpunit/src/tests/Service/AvaliadorTest.php" line="62" assertions="4" time="0.000091"/>
          <testcase name="testOAvaliadorDeveBuscarOsTresMaioresValores with data set &quot;ordem decrescente&quot;" class="Alura\Leilao\Tests\Service\AvaliadorTest" classname="Alura.Leilao.Tests.Service.AvaliadorTest" file="/home/pabloroldao/courses/php/phpunit/src/tests/Service/AvaliadorTest.php" line="62" assertions="4" time="0.000057"/>
          <testcase name="testOAvaliadorDeveBuscarOsTresMaioresValores with data set &quot;ordem aleatória&quot;" class="Alura\Leilao\Tests\Service\AvaliadorTest" classname="Alura.Leilao.Tests.Service.AvaliadorTest" file="/home/pabloroldao/courses/php/phpunit/src/tests/Service/AvaliadorTest.php" line="62" assertions="4" time="0.000064"/>
        </testsuite>
      </testsuite>
    </testsuite>
  </testsuite>
</testsuites>
